<?xml version="1.0" encoding="UTF-8"?>
<!-- Generated by org.testng.reporters.JUnitReportReporter -->
<testsuite hostname="DSK-4052" failures="0" tests="2" name="newCar.HPNR.Acquisition_Quotes_Refresh_Link_Verification_Test" time="99.898" errors="0" timestamp="2023-08-14T19:24:19 IST" skipped="0">
  <testcase classname="newCar.HPNR.Acquisition_Quotes_Refresh_Link_Verification_Test" name="verify_refresh_link_on_OTR_page" time="55.278"/>
  <system-out>
    <![CDATA[<b>Opening Acquisition Quote for Quote number YTD56528</b> <br />
<b>Clicking on Show expired quotes</b> <br />
<b></b> <br />
<b>OTR page is opened</b> <br />
<b>Refresh Link is available on Contract types & OTR for quote no. YTD56528</b> <br />
<b>Road Tax For First Year Before Refreshing is 1100.00</b> <br />
<b>First Registration Fee Before Refreshing is 55.00</b> <br />
<b>Road Tax For First Year After  Refreshing is 585.00</b> <br />
<b>First Registration Fee After Refreshing is 55.00</b> <br />
<b>Refresh Link was not worked on Contract types & OTR page for quote no YTD56528</b> <br />]]>
  </system-out>
  <testcase classname="newCar.HPNR.Acquisition_Quotes_Refresh_Link_Verification_Test" name="verify_refresh_link_on_OTR_page" time="44.620"/>
  <system-out>
    <![CDATA[<b>Opening Acquisition Quote for Quote number GED97884</b> <br />
<b>Clicking on Show expired quotes</b> <br />
<b></b> <br />
<b>OTR page is opened</b> <br />
<b>Refresh Link is available on Contract types & OTR for quote no. GED97884</b> <br />
<b>Road Tax For First Year Before Refreshing is 180.00</b> <br />
<b>First Registration Fee Before Refreshing is 55.00</b> <br />
<b>Road Tax For First Year After  Refreshing is 180.00</b> <br />
<b>First Registration Fee After Refreshing is 55.00</b> <br />
<b>Refresh Link was not worked on Contract types & OTR page for quote no GED97884</b> <br />]]>
  </system-out>
</testsuite> <!-- newCar.HPNR.Acquisition_Quotes_Refresh_Link_Verification_Test -->
